Determining if the pthread_create exist failed with the following output:
Change Dir: /home/alice/catkin_ws/build/CMakeFiles/CMakeTmp

Run Build Command:"/usr/bin/make" "cmTC_daaea/fast"
/usr/bin/make -f CMakeFiles/cmTC_daaea.dir/build.make CMakeFiles/cmTC_daaea.dir/build
make[1]: Entering directory '/home/alice/catkin_ws/build/CMakeFiles/CMakeTmp'
Building C object CMakeFiles/cmTC_daaea.dir/CheckSymbolExists.c.o
/usr/bin/cc    -o CMakeFiles/cmTC_daaea.dir/CheckSymbolExists.c.o   -c /home/alice/catkin_ws/build/CMakeFiles/CMakeTmp/CheckSymbolExists.c
Linking C executable cmTC_daaea
/usr/bin/cmake -E cmake_link_script CMakeFiles/cmTC_daaea.dir/link.txt --verbose=1
/usr/bin/cc      -rdynamic CMakeFiles/cmTC_daaea.dir/CheckSymbolExists.c.o  -o cmTC_daaea 
CMakeFiles/cmTC_daaea.dir/CheckSymbolExists.c.o: In function `main':
CheckSymbolExists.c:(.text+0x1b): undefined reference to `pthread_create'
collect2: error: ld returned 1 exit status
CMakeFiles/cmTC_daaea.dir/build.make:97: recipe for target 'cmTC_daaea' failed
make[1]: *** [cmTC_daaea] Error 1
make[1]: Leaving directory '/home/alice/catkin_ws/build/CMakeFiles/CMakeTmp'
Makefile:126: recipe for target 'cmTC_daaea/fast' failed
make: *** [cmTC_daaea/fast] Error 2

File /home/alice/catkin_ws/build/CMakeFiles/CMakeTmp/CheckSymbolExists.c:
/* */
#include <pthread.h>

int main(int argc, char** argv)
{
  (void)argv;
#ifndef pthread_create
  return ((int*)(&pthread_create))[argc];
#else
  (void)argc;
  return 0;
#endif
}

Determining if the function pthread_create exists in the pthreads failed with the following output:
Change Dir: /home/alice/catkin_ws/build/CMakeFiles/CMakeTmp

Run Build Command:"/usr/bin/make" "cmTC_36d92/fast"
/usr/bin/make -f CMakeFiles/cmTC_36d92.dir/build.make CMakeFiles/cmTC_36d92.dir/build
make[1]: Entering directory '/home/alice/catkin_ws/build/CMakeFiles/CMakeTmp'
Building C object CMakeFiles/cmTC_36d92.dir/CheckFunctionExists.c.o
/usr/bin/cc   -DCHECK_FUNCTION_EXISTS=pthread_create   -o CMakeFiles/cmTC_36d92.dir/CheckFunctionExists.c.o   -c /usr/share/cmake-3.10/Modules/CheckFunctionExists.c
Linking C executable cmTC_36d92
/usr/bin/cmake -E cmake_link_script CMakeFiles/cmTC_36d92.dir/link.txt --verbose=1
/usr/bin/cc  -DCHECK_FUNCTION_EXISTS=pthread_create    -rdynamic CMakeFiles/cmTC_36d92.dir/CheckFunctionExists.c.o  -o cmTC_36d92 -lpthreads 
/usr/bin/ld: cannot find -lpthreads
collect2: error: ld returned 1 exit status
CMakeFiles/cmTC_36d92.dir/build.make:97: recipe for target 'cmTC_36d92' failed
make[1]: *** [cmTC_36d92] Error 1
make[1]: Leaving directory '/home/alice/catkin_ws/build/CMakeFiles/CMakeTmp'
Makefile:126: recipe for target 'cmTC_36d92/fast' failed
make: *** [cmTC_36d92/fast] Error 2


